#
# There is insufficient memory for the Java Runtime Environment to continue.
# Native memory allocation (mmap) failed to map 67108864 bytes for G1 virtual space
# Possible reasons:
#   The system is out of physical RAM or swap space
#   The process is running with CompressedOops enabled, and the Java Heap may be blocking the growth of the native heap
# Possible solutions:
#   Reduce memory load on the system
#   Increase physical memory or swap space
#   Check if swap backing store is full
#   Decrease Java heap size (-Xmx/-Xms)
#   Decrease number of Java threads
#   Decrease Java thread stack sizes (-Xss)
#   Set larger code cache with -XX:ReservedCodeCacheSize=
#   JVM is running with Unscaled Compressed Oops mode in which the Java heap is
#     placed in the first 4GB address space. The Java Heap base address is the
#     maximum limit for the native heap growth. Please use -XX:HeapBaseMinAddress
#     to set the Java Heap base and to place the Java Heap above 4GB virtual address.
# This output file may be truncated or incomplete.
#
#  Out of Memory Error (os_windows.cpp:3528), pid=15356, tid=16720
#
# JRE version:  (20.0.2+9) (build )
# Java VM: Java HotSpot(TM) 64-Bit Server VM (20.0.2+9-78, mixed mode, sharing, tiered, compressed oops, compressed class ptrs, g1 gc, windows-amd64)
# No core dump will be written. Minidumps are not enabled by default on client versions of Windows
#

---------------  S U M M A R Y ------------

Command Line: -Dfile.encoding=UTF-8 --module-path=C:\Users\rahul\Documents\NetBeansProjects\University Management System\build\classes university.management.system.EnterMarks

Host: Intel(R) Core(TM) i3-7020U CPU @ 2.30GHz, 4 cores, 3G,  Windows 10 , 64 bit Build 19041 (10.0.19041.3155)
Time: Thu Sep  7 11:30:06 2023 India Standard Time elapsed time: 0.033887 seconds (0d 0h 0m 0s)

---------------  T H R E A D  ---------------

Current thread (0x00000260a2ff6b60):  JavaThread "Unknown thread" [_thread_in_vm, id=16720, stack(0x000000da4dc00000,0x000000da4dd00000)]

Stack: [0x000000da4dc00000,0x000000da4dd00000]
Native frames: (J=compiled Java code, j=interpreted, Vv=VM code, C=native code)
V  [jvm.dll+0x6bc25a]
V  [jvm.dll+0x84971a]
V  [jvm.dll+0x84b315]
V  [jvm.dll+0x84ba13]
V  [jvm.dll+0x280e4f]
V  [jvm.dll+0x6b8fe9]
V  [jvm.dll+0x6adbca]
V  [jvm.dll+0x35b165]
V  [jvm.dll+0x363386]
V  [jvm.dll+0x3b400e]
V  [jvm.dll+0x3b4295]
V  [jvm.dll+0x32b86a]
V  [jvm.dll+0x32c68b]
V  [jvm.dll+0x8123df]
V  [jvm.dll+0x3c1261]
V  [jvm.dll+0x7fe103]
V  [jvm.dll+0x44ccaf]
V  [jvm.dll+0x44e621]
C  [jli.dll+0x5287]
C  [ucrtbase.dll+0x21bb2]
C  [KERNEL32.DLL+0x17614]
C  [ntdll.dll+0x526b1]


---------------  P R O C E S S  ---------------

Threads class SMR info:
_java_thread_list=0x00007ff91a07b118, length=0, elements={
}

Java Threads: ( => current thread )

Other Threads:
  0x00000260a3038f70 WorkerThread "GC Thread#0" [stack: 0x000000da4dd00000,0x000000da4de00000] [id=8472]
  0x00000260a3042f20 ConcurrentGCThread "G1 Main Marker" [stack: 0x000000da4de00000,0x000000da4df00000] [id=21472]
  0x00000260a3043860 WorkerThread "G1 Conc#0" [stack: 0x000000da4df00000,0x000000da4e000000] [id=15032]

[error occurred during error reporting (printing all threads), id 0xc0000005, EXCEPTION_ACCESS_VIOLATION (0xc0000005) at pc=0x00007ff91985eea7]
VM state: not at safepoint (not fully initialized)

VM Mutex/Monitor currently owned by a thread:  ([mutex/lock_event])
[0x00000260a2ff2dd0] Heap_lock - owner thread: 0x00000260a2ff6b60

Heap address: 0x00000000c1800000, size: 1000 MB, Compressed Oops mode: 32-bit

CDS archive(s) mapped at: [0x0000000000000000-0x0000000000000000-0x0000000000000000), size 0, SharedBaseAddress: 0x0000000800000000, ArchiveRelocationMode: 1.
Narrow klass base: 0x0000000000000000, Narrow klass shift: 0, Narrow klass range: 0x0

GC Precious Log:
 CardTable entry size: 512
 Card Set container configuration: InlinePtr #cards 5 size 8 Array Of Cards #cards 12 size 40 Howl #buckets 4 coarsen threshold 1843 Howl Bitmap #cards 512 size 80 coarsen threshold 460 Card regions per heap region 1 cards per card region 2048

Heap:
 garbage-first heap   total 0K, used 0K [0x00000000c1800000, 0x0000000100000000)
  region size 1024K, 0 young (0K), 0 survivors (0K)

[error occurred during error reporting (printing heap information), id 0xc0000005, EXCEPTION_ACCESS_VIOLATION (0xc0000005) at pc=0x00007ff919c347b9]
GC Heap History (0 events):
No events

Dll operation events (1 events):
Event: 0.022 Loaded shared library C:\Program Files\Java\jdk-20\bin\java.dll

Deoptimization events (0 events):
No events

Classes loaded (0 events):
No events

Classes unloaded (0 events):
No events

Classes redefined (0 events):
No events

Internal exceptions (0 events):
No events

VM Operations (0 events):
No events

Events (0 events):
No events


Dynamic libraries:
0x00007ff717ce0000 - 0x00007ff717cf0000 	C:\Program Files\Java\jdk-20\bin\java.exe
0x00007ff970290000 - 0x00007ff970488000 	C:\Windows\SYSTEM32\ntdll.dll
0x00007ff96f600000 - 0x00007ff96f6bf000 	C:\Windows\System32\KERNEL32.DLL
0x00007ff96de50000 - 0x00007ff96e146000 	C:\Windows\System32\KERNELBASE.dll
0x00007ff96e1f0000 - 0x00007ff96e2f0000 	C:\Windows\System32\ucrtbase.dll
0x00007ff91f4c0000 - 0x00007ff91f4db000 	C:\Program Files\Java\jdk-20\bin\VCRUNTIME140.dll
0x00007ff966210000 - 0x00007ff966229000 	C:\Program Files\Java\jdk-20\bin\jli.dll
0x00007ff96feb0000 - 0x00007ff96ff5f000 	C:\Windows\System32\ADVAPI32.dll
0x00007ff96f560000 - 0x00007ff96f5fe000 	C:\Windows\System32\msvcrt.dll
0x00007ff96fdb0000 - 0x00007ff96fe4c000 	C:\Windows\System32\sechost.dll
0x00007ff96fb40000 - 0x00007ff96fc66000 	C:\Windows\System32\RPCRT4.dll
0x00007ff96f8c0000 - 0x00007ff96fa5d000 	C:\Windows\System32\USER32.dll
0x00007ff96d9c0000 - 0x00007ff96d9e2000 	C:\Windows\System32\win32u.dll
0x00007ff96f250000 - 0x00007ff96f27c000 	C:\Windows\System32\GDI32.dll
0x00007ff96dd30000 - 0x00007ff96de45000 	C:\Windows\System32\gdi32full.dll
0x00007ff96daa0000 - 0x00007ff96db3d000 	C:\Windows\System32\msvcp_win.dll
0x00007ff955e60000 - 0x00007ff9560fa000 	C:\Windows\WinSxS\amd64_microsoft.windows.common-controls_6595b64144ccf1df_6.0.19041.1110_none_60b5254171f9507e\COMCTL32.dll
0x00007ff964110000 - 0x00007ff96411a000 	C:\Windows\SYSTEM32\VERSION.dll
0x00007ff96f220000 - 0x00007ff96f250000 	C:\Windows\System32\IMM32.DLL
0x00007ff94e7f0000 - 0x00007ff94e7fc000 	C:\Program Files\Java\jdk-20\bin\vcruntime140_1.dll
0x00007ff91d8b0000 - 0x00007ff91d93e000 	C:\Program Files\Java\jdk-20\bin\msvcp140.dll
0x00007ff919520000 - 0x00007ff91a1b8000 	C:\Program Files\Java\jdk-20\bin\server\jvm.dll
0x00007ff94ef80000 - 0x00007ff94ef89000 	C:\Windows\SYSTEM32\WSOCK32.dll
0x00007ff96ff60000 - 0x00007ff96ffcb000 	C:\Windows\System32\WS2_32.dll
0x00007ff952770000 - 0x00007ff952797000 	C:\Windows\SYSTEM32\WINMM.dll
0x00007ff96c1a0000 - 0x00007ff96c1b2000 	C:\Windows\SYSTEM32\kernel.appcore.dll
0x00007ff94d7c0000 - 0x00007ff94d7ca000 	C:\Program Files\Java\jdk-20\bin\jimage.dll
0x00007ff96beb0000 - 0x00007ff96c094000 	C:\Windows\SYSTEM32\DBGHELP.DLL
0x00007ff956110000 - 0x00007ff956144000 	C:\Windows\SYSTEM32\dbgcore.DLL
0x00007ff96dca0000 - 0x00007ff96dd22000 	C:\Windows\System32\bcryptPrimitives.dll
0x00007ff91f3f0000 - 0x00007ff91f416000 	C:\Program Files\Java\jdk-20\bin\java.dll

dbghelp: loaded successfully - version: 4.0.5 - missing functions: none
symbol engine: initialized successfully - sym options: 0x614 - pdb path: .;C:\Program Files\Java\jdk-20\bin;C:\Windows\SYSTEM32;C:\Windows\WinSxS\amd64_microsoft.windows.common-controls_6595b64144ccf1df_6.0.19041.1110_none_60b5254171f9507e;C:\Program Files\Java\jdk-20\bin\server

VM Arguments:
jvm_args: -Dfile.encoding=UTF-8 --module-path=C:\Users\rahul\Documents\NetBeansProjects\University Management System\build\classes 
java_command: university.management.system.EnterMarks
java_class_path (initial): E:\mysql-connector-j-8.1.0\mysql-connector-j-8.1.0\mysql-connector-j-8.1.0.jar;E:\Extact File\Jar\jcalendar-tz-1.3.3-4.jar;E:\U.M.S\Jar\rs2xml.jar;C:\Users\rahul\Documents\NetBeansProjects\University Management System\build\classes
Launcher Type: SUN_STANDARD

[Global flags]
     intx CICompilerCount                          = 3                                         {product} {ergonomic}
     uint ConcGCThreads                            = 1                                         {product} {ergonomic}
     uint G1ConcRefinementThreads                  = 4                                         {product} {ergonomic}
   size_t G1HeapRegionSize                         = 1048576                                   {product} {ergonomic}
    uintx GCDrainStackTargetSize                   = 64                                        {product} {ergonomic}
   size_t InitialHeapSize                          = 67108864                                  {product} {ergonomic}
   size_t MarkStackSize                            = 4194304                                   {product} {ergonomic}
   size_t MaxHeapSize                              = 1048576000                                {product} {ergonomic}
   size_t MinHeapDeltaBytes                        = 1048576                                   {product} {ergonomic}
   size_t MinHeapSize                              = 8388608                                   {product} {ergonomic}
    uintx NonNMethodCodeHeapSize                   = 5832780                                {pd product} {ergonomic}
    uintx NonProfiledCodeHeapSize                  = 122912730                              {pd product} {ergonomic}
    uintx ProfiledCodeHeapSize                     = 122912730                              {pd product} {ergonomic}
    uintx ReservedCodeCacheSize                    = 251658240                              {pd product} {ergonomic}
     bool SegmentedCodeCache                       = true                                      {product} {ergonomic}
   size_t SoftMaxHeapSize                          = 1048576000                             {manageable} {ergonomic}
     bool UseCompressedClassPointers               = true                           {product lp64_product} {ergonomic}
     bool UseCompressedOops                        = true                           {product lp64_product} {ergonomic}
     bool UseG1GC                                  = true                                      {product} {ergonomic}
     bool UseLargePagesIndividualAllocation        = false                                  {pd product} {ergonomic}

Logging:
Log output configuration:
 #0: stdout all=warning uptime,level,tags foldmultilines=false
 #1: stderr all=off uptime,level,tags foldmultilines=false

Environment Variables:
PATH=C:\Program Files\Common Files\Oracle\Java\javapath;C:\Windows\system32;C:\Windows;C:\Windows\System32\Wbem;C:\Windows\System32\WindowsPowerShell\v1.0\;C:\Windows\System32\OpenSSH\;C:\Program Files\nodejs\;C:\Program Files\Microsoft SQL Server\150\Tools\Binn\;C:\Program Files\Microsoft SQL Server\Client SDK\ODBC\170\Tools\Binn\;C:\Program Files\Java\jdk-17\bin;C:\Program Files\dotnet\;C:\Users\rahul\AppData\Local\Programs\Python\Python311;C:\Program Files\MySQL\MySQL Shell 8.0\bin\;C:\Users\rahul\AppData\Local\Microsoft\WindowsApps;C:\Users\rahul\AppData\Roaming\npm;C:\Users\rahul\AppData\Local\Programs\Microsoft VS Code\bin;C:\Users\rahul\AppData\Local\GitHubDesktop\bin;C:\Users\rahul\.dotnet\tools
USERNAME=rahul
OS=Windows_NT
PROCESSOR_IDENTIFIER=Intel64 Family 6 Model 142 Stepping 9, GenuineIntel
TMP=C:\Users\rahul\AppData\Local\Temp
TEMP=C:\Users\rahul\AppData\Local\Temp




---------------  S Y S T E M  ---------------

OS:
 Windows 10 , 64 bit Build 19041 (10.0.19041.3155)
OS uptime: 16 days 18:35 hours

CPU: total 4 (initial active 4) (2 cores per cpu, 2 threads per core) family 6 model 142 stepping 9 microcode 0xf0, cx8, cmov, fxsr, ht, mmx, 3dnowpref, sse, sse2, sse3, ssse3, sse4.1, sse4.2, popcnt, lzcnt, tsc, tscinvbit, avx, avx2, aes, erms, clmul, bmi1, bmi2, adx, fma, vzeroupper, clflush, clflushopt, rdtscp, f16c

Memory: 4k page, system-wide physical 3998M (163M free)
TotalPageFile size 16286M (AvailPageFile size 27M)
current process WorkingSet (physical memory assigned to process): 9M, peak: 9M
current process commit charge ("private bytes"): 51M, peak: 115M

vm_info: Java HotSpot(TM) 64-Bit Server VM (20.0.2+9-78) for windows-amd64 JRE (20.0.2+9-78), built on 2023-06-14T10:08:48Z by "mach5one" with MS VC++ 17.1 (VS2022)

END.
